TN:
SF:src/comments.js
FN:7,comment
FN:19,unComment
FNF:2
FNH:2
FNDA:1,comment
FNDA:1,unComment
DA:8,1
DA:20,1
LF:2
LH:2
BRF:0
BRH:0
end_of_record
TN:
SF:src/index.js
FN:10,(anonymous_0)
FN:19,(anonymous_1)
FNF:2
FNH:0
FNDA:0,(anonymous_0)
FNDA:0,(anonymous_1)
DA:4,0
DA:6,0
DA:10,0
DA:12,0
DA:19,0
DA:21,0
LF:6
LH:0
BRF:0
BRH:0
end_of_record
TN:
SF:src/push-pull.js
FN:6,getLocalPath
FN:13,push
FN:34,pull
FNF:3
FNH:3
FNDA:2,getLocalPath
FNDA:3,push
FNDA:3,pull
DA:7,2
DA:14,3
DA:15,1
DA:20,2
DA:21,2
DA:23,2
DA:24,2
DA:25,1
DA:28,2
DA:29,2
DA:31,2
DA:35,3
DA:36,1
DA:41,2
DA:43,2
DA:44,2
DA:45,1
DA:48,2
DA:49,2
DA:50,2
LF:20
LH:20
BRDA:13,0,0,2
BRDA:14,1,0,1
BRDA:14,1,1,2
BRDA:24,2,0,1
BRDA:24,2,1,1
BRDA:34,3,0,2
BRDA:35,4,0,1
BRDA:35,4,1,2
BRDA:44,5,0,1
BRDA:44,5,1,1
BRF:10
BRH:10
end_of_record
TN:
SF:src/tools.js
FN:5,getSyncFiles
FN:14,(anonymous_1)
FN:15,(anonymous_2)
FN:27,isAppScriptProjectPath
FNF:4
FNH:4
FNDA:2,getSyncFiles
FNDA:5,(anonymous_1)
FNDA:5,(anonymous_2)
FNDA:3,isAppScriptProjectPath
DA:6,2
DA:8,2
DA:9,1
DA:14,5
DA:15,1
DA:16,5
DA:17,3
DA:19,2
DA:23,2
DA:24,2
DA:28,3
DA:29,3
DA:30,2
DA:31,1
DA:33,2
LF:15
LH:15
BRDA:8,0,0,1
BRDA:8,0,1,1
BRDA:16,1,0,3
BRDA:16,1,1,2
BRDA:27,2,0,0
BRF:5
BRH:4
end_of_record
